{"total": {"lines":{"total":104,"covered":104,"skipped":0,"pct":100},"statements":{"total":116,"covered":116,"skipped":0,"pct":100},"functions":{"total":35,"covered":35,"skipped":0,"pct":100},"branches":{"total":37,"covered":37,"skipped":0,"pct":100},"branchesTrue":{"total":0,"covered":0,"skipped":0,"pct":"Unknown"}}
,"/home/runner/work/ngx/ngx/libs/ngxs-testing/src/lib/mock-selector.ts": {"lines":{"total":8,"covered":8,"skipped":0,"pct":100},"functions":{"total":2,"covered":2,"skipped":0,"pct":100},"statements":{"total":8,"covered":8,"skipped":0,"pct":100},"branches":{"total":0,"covered":0,"skipped":0,"pct":100}}
,"/home/runner/work/ngx/ngx/libs/ngxs-testing/src/lib/mock-store.ts": {"lines":{"total":36,"covered":36,"skipped":0,"pct":100},"functions":{"total":14,"covered":14,"skipped":0,"pct":100},"statements":{"total":42,"covered":42,"skipped":0,"pct":100},"branches":{"total":31,"covered":31,"skipped":0,"pct":100}}
,"/home/runner/work/ngx/ngx/libs/ngxs-testing/src/lib/ngxs-testing-errors.ts": {"lines":{"total":9,"covered":9,"skipped":0,"pct":100},"functions":{"total":6,"covered":6,"skipped":0,"pct":100},"statements":{"total":11,"covered":11,"skipped":0,"pct":100},"branches":{"total":0,"covered":0,"skipped":0,"pct":100}}
,"/home/runner/work/ngx/ngx/libs/ngxs-testing/src/lib/original-store.ts": {"lines":{"total":2,"covered":2,"skipped":0,"pct":100},"functions":{"total":0,"covered":0,"skipped":0,"pct":100},"statements":{"total":2,"covered":2,"skipped":0,"pct":100},"branches":{"total":0,"covered":0,"skipped":0,"pct":100}}
,"/home/runner/work/ngx/ngx/libs/ngxs-testing/src/lib/providers.ts": {"lines":{"total":13,"covered":13,"skipped":0,"pct":100},"functions":{"total":4,"covered":4,"skipped":0,"pct":100},"statements":{"total":14,"covered":14,"skipped":0,"pct":100},"branches":{"total":4,"covered":4,"skipped":0,"pct":100}}
,"/home/runner/work/ngx/ngx/libs/ngxs-testing/src/lib/set-store.ts": {"lines":{"total":27,"covered":27,"skipped":0,"pct":100},"functions":{"total":6,"covered":6,"skipped":0,"pct":100},"statements":{"total":28,"covered":28,"skipped":0,"pct":100},"branches":{"total":2,"covered":2,"skipped":0,"pct":100}}
,"/home/runner/work/ngx/ngx/libs/ngxs-testing/src/lib/testing-controller.ts": {"lines":{"total":9,"covered":9,"skipped":0,"pct":100},"functions":{"total":3,"covered":3,"skipped":0,"pct":100},"statements":{"total":11,"covered":11,"skipped":0,"pct":100},"branches":{"total":0,"covered":0,"skipped":0,"pct":100}}
}
